26-01-2022 13:30[INFO][restartedMain] [c.s.A.AddressBookApplication:55] Starting AddressBookApplication using Java 17.0.1 on DESKTOP-FLFPA9L with PID 12444 (D:\Bridgelabz\CFP\AddressBook\target\classes started by User in D:\Bridgelabz\CFP\AddressBook)
26-01-2022 13:30[INFO][restartedMain] [c.s.A.AddressBookApplication:637] No active profile set, falling back to default profiles: default
26-01-2022 13:30[INFO][restartedMain] [o.s.b.w.e.t.TomcatWebServer:108] Tomcat initialized with port(s): 8080 (http)
26-01-2022 13:30[INFO][restartedMain] [o.a.c.c.StandardService:173] Starting service [Tomcat]
26-01-2022 13:30[INFO][restartedMain] [o.a.c.c.StandardEngine:173] Starting Servlet engine: [Apache Tomcat/9.0.56]
26-01-2022 13:30[INFO][restartedMain] [o.a.c.c.C.[.[.[/]:173] Initializing Spring embedded WebApplicationContext
26-01-2022 13:30[INFO][restartedMain] [o.s.b.w.s.c.ServletWebServerApplicationContext:290] Root WebApplicationContext: initialization completed in 184 ms
26-01-2022 13:30[INFO][restartedMain] [o.s.b.d.a.OptionalLiveReloadServer:58] LiveReload server is running on port 35729
26-01-2022 13:30[INFO][restartedMain] [o.s.b.w.e.t.TomcatWebServer:220] Tomcat started on port(s): 8080 (http) with context path ''
26-01-2022 13:30[INFO][restartedMain] [c.s.A.AddressBookApplication:61] Started AddressBookApplication in 0.31 seconds (JVM running for 736.591)
26-01-2022 13:30[INFO][restartedMain] [o.s.b.d.a.ConditionEvaluationDeltaLoggingListener:63] Condition evaluation unchanged
26-01-2022 13:30[INFO][restartedMain] [c.s.A.AddressBookApplication:14]  Application has started 
26-01-2022 13:30[INFO][http-nio-8080-exec-2] [o.a.c.c.C.[.[.[/]:173] Initializing Spring DispatcherServlet 'dispatcherServlet'
26-01-2022 13:30[INFO][http-nio-8080-exec-2] [o.s.w.s.DispatcherServlet:525] Initializing Servlet 'dispatcherServlet'
26-01-2022 13:30[INFO][http-nio-8080-exec-2] [o.s.w.s.DispatcherServlet:547] Completed initialization in 1 ms
26-01-2022 13:30[INFO][http-nio-8080-exec-2] [c.s.A.s.AddressBookServices:45]  Returning all addresses as response 
26-01-2022 13:31[INFO][http-nio-8080-exec-3] [c.s.A.s.AddressBookServices:58]  Creating a new address book record 
26-01-2022 13:31[INFO][http-nio-8080-exec-4] [c.s.A.s.AddressBookServices:58]  Creating a new address book record 
26-01-2022 13:31[WARN][http-nio-8080-exec-5] [o.s.w.s.m.s.DefaultHandlerExceptionResolver:208] Resolved [org.springframework.web.HttpRequestMethodNotSupportedException: Request method 'POST' not supported]
26-01-2022 13:31[INFO][http-nio-8080-exec-6] [c.s.A.s.AddressBookServices:45]  Returning all addresses as response 
26-01-2022 13:31[INFO][restartedMain] [c.s.A.AddressBookApplication:55] Starting AddressBookApplication using Java 17.0.1 on DESKTOP-FLFPA9L with PID 12444 (D:\Bridgelabz\CFP\AddressBook\target\classes started by User in D:\Bridgelabz\CFP\AddressBook)
26-01-2022 13:31[INFO][restartedMain] [c.s.A.AddressBookApplication:637] No active profile set, falling back to default profiles: default
26-01-2022 13:31[INFO][restartedMain] [o.s.b.w.e.t.TomcatWebServer:108] Tomcat initialized with port(s): 8080 (http)
26-01-2022 13:31[INFO][restartedMain] [o.a.c.c.StandardService:173] Starting service [Tomcat]
26-01-2022 13:31[INFO][restartedMain] [o.a.c.c.StandardEngine:173] Starting Servlet engine: [Apache Tomcat/9.0.56]
26-01-2022 13:31[INFO][restartedMain] [o.a.c.c.C.[.[.[/]:173] Initializing Spring embedded WebApplicationContext
26-01-2022 13:31[INFO][restartedMain] [o.s.b.w.s.c.ServletWebServerApplicationContext:290] Root WebApplicationContext: initialization completed in 176 ms
26-01-2022 13:31[INFO][restartedMain] [o.s.b.d.a.OptionalLiveReloadServer:58] LiveReload server is running on port 35729
26-01-2022 13:31[INFO][restartedMain] [o.s.b.w.e.t.TomcatWebServer:220] Tomcat started on port(s): 8080 (http) with context path ''
26-01-2022 13:31[INFO][restartedMain] [c.s.A.AddressBookApplication:61] Started AddressBookApplication in 0.276 seconds (JVM running for 841.949)
26-01-2022 13:31[INFO][restartedMain] [o.s.b.d.a.ConditionEvaluationDeltaLoggingListener:63] Condition evaluation unchanged
26-01-2022 13:31[INFO][restartedMain] [c.s.A.AddressBookApplication:14]  Application has started 
26-01-2022 13:31[INFO][http-nio-8080-exec-2] [o.a.c.c.C.[.[.[/]:173] Initializing Spring DispatcherServlet 'dispatcherServlet'
26-01-2022 13:31[INFO][http-nio-8080-exec-2] [o.s.w.s.DispatcherServlet:525] Initializing Servlet 'dispatcherServlet'
26-01-2022 13:31[INFO][http-nio-8080-exec-2] [o.s.w.s.DispatcherServlet:547] Completed initialization in 0 ms
26-01-2022 13:31[INFO][http-nio-8080-exec-2] [c.s.A.s.AddressBookServices:45]  Returning all addresses as response 
